生成启动时间为 2015/10/8 21:46:36。
项目“C:\Users\gangl\Desktop\CS247_Assignment2\CS247_Assignment1\CS247_Assignment1.vcxproj”在节点 2 上(Build 个目标)。
C:\Program Files (x86)\MSBuild\Microsoft.Cpp\v4.0\V120\Microsoft.CppBuild.targets(381,5): warning MSB8028: The intermediate directory (Debug\) contains files shared from another project (CS247_Assignment1.vcxproj).  This can lead to incorrect clean and rebuild behavior.
ClCompile:
  C:\Program Files (x86)\Microsoft Visual Studio 12.0\VC\bin\CL.exe /c /I..\Dlls\x64 /I. /ZI /nologo /W3 /WX- /Od /Oy- /D WIN32 /D _DEBUG /D _CONSOLE /D _UNICODE /D UNICODE /Gm /EHsc /RTC1 /MDd /GS /fp:precise /Zc:wchar_t /Zc:forScope /Fo"Debug\\" /Fd"Debug\vc120.pdb" /Gd /TP /analyze- /errorReport:prompt CS247_Assignment2.cpp
  CS247_Assignment2.cpp
c:\users\gangl\desktop\cs247_assignment2\cs247_assignment1\cs247_assignment2.h(443): warning C4244: “=”: 从“double”转换到“float”，可能丢失数据
c:\users\gangl\desktop\cs247_assignment2\cs247_assignment1\cs247_assignment2.h(444): warning C4244: “=”: 从“double”转换到“float”，可能丢失数据
c:\users\gangl\desktop\cs247_assignment2\cs247_assignment1\cs247_assignment2.h(445): warning C4244: “=”: 从“double”转换到“float”，可能丢失数据
c:\users\gangl\desktop\cs247_assignment2\cs247_assignment1\cs247_assignment2.h(450): warning C4244: “=”: 从“double”转换到“float”，可能丢失数据
c:\users\gangl\desktop\cs247_assignment2\cs247_assignment1\cs247_assignment2.h(467): warning C4244: “参数”: 从“float”转换到“int”，可能丢失数据
c:\users\gangl\desktop\cs247_assignment2\cs247_assignment1\cs247_assignment2.h(468): warning C4244: “参数”: 从“float”转换到“int”，可能丢失数据
c:\users\gangl\desktop\cs247_assignment2\cs247_assignment1\cs247_assignment2.h(470): warning C4244: “参数”: 从“double”转换到“float”，可能丢失数据
c:\users\gangl\desktop\cs247_assignment2\cs247_assignment1\cs247_assignment2.h(477): warning C4244: “参数”: 从“double”转换到“float”，可能丢失数据
c:\users\gangl\desktop\cs247_assignment2\cs247_assignment1\cs247_assignment2.h(484): warning C4244: “参数”: 从“double”转换到“float”，可能丢失数据
c:\users\gangl\desktop\cs247_assignment2\cs247_assignment1\cs247_assignment2.h(493): warning C4244: “=”: 从“double”转换到“float”，可能丢失数据
c:\users\gangl\desktop\cs247_assignment2\cs247_assignment1\cs247_assignment2.h(494): warning C4244: “=”: 从“double”转换到“float”，可能丢失数据
c:\users\gangl\desktop\cs247_assignment2\cs247_assignment1\cs247_assignment2.h(495): warning C4244: “=”: 从“double”转换到“float”，可能丢失数据
c:\users\gangl\desktop\cs247_assignment2\cs247_assignment1\cs247_assignment2.h(497): warning C4244: “=”: 从“double”转换到“float”，可能丢失数据
c:\users\gangl\desktop\cs247_assignment2\cs247_assignment1\cs247_assignment2.h(498): warning C4244: “=”: 从“double”转换到“float”，可能丢失数据
c:\users\gangl\desktop\cs247_assignment2\cs247_assignment1\cs247_assignment2.h(499): warning C4244: “=”: 从“double”转换到“float”，可能丢失数据
c:\users\gangl\desktop\cs247_assignment2\cs247_assignment1\cs247_assignment2.h(506): warning C4244: “*=”: 从“double”转换到“float”，可能丢失数据
c:\users\gangl\desktop\cs247_assignment2\cs247_assignment1\cs247_assignment2.h(507): warning C4244: “*=”: 从“double”转换到“float”，可能丢失数据
c:\users\gangl\desktop\cs247_assignment2\cs247_assignment1\cs247_assignment2.h(508): warning C4244: “*=”: 从“double”转换到“float”，可能丢失数据
c:\users\gangl\desktop\cs247_assignment2\cs247_assignment1\cs247_assignment2.h(529): warning C4244: “*=”: 从“double”转换到“float”，可能丢失数据
c:\users\gangl\desktop\cs247_assignment2\cs247_assignment1\cs247_assignment2.h(530): warning C4244: “*=”: 从“double”转换到“float”，可能丢失数据
c:\users\gangl\desktop\cs247_assignment2\cs247_assignment1\cs247_assignment2.h(531): warning C4244: “*=”: 从“double”转换到“float”，可能丢失数据
c:\users\gangl\desktop\cs247_assignment2\cs247_assignment1\cs247_assignment2.cpp(806): warning C4101: “a”: 未引用的局部变量
c:\users\gangl\desktop\cs247_assignment2\cs247_assignment1\cs247_assignment2.cpp(806): warning C4101: “b”: 未引用的局部变量
c:\users\gangl\desktop\cs247_assignment2\cs247_assignment1\cs247_assignment2.cpp(806): warning C4101: “d”: 未引用的局部变量
c:\users\gangl\desktop\cs247_assignment2\cs247_assignment1\cs247_assignment2.cpp(806): warning C4101: “c”: 未引用的局部变量
c:\users\gangl\desktop\cs247_assignment2\cs247_assignment1\cs247_assignment2.cpp(883): warning C4244: “=”: 从“int”转换到“float”，可能丢失数据
c:\users\gangl\desktop\cs247_assignment2\cs247_assignment1\cs247_assignment2.cpp(886): warning C4244: “=”: 从“int”转换到“float”，可能丢失数据
c:\users\gangl\desktop\cs247_assignment2\cs247_assignment1\cs247_assignment2.cpp(889): warning C4244: “=”: 从“int”转换到“float”，可能丢失数据
c:\users\gangl\desktop\cs247_assignment2\cs247_assignment1\cs247_assignment2.cpp(892): warning C4244: “=”: 从“int”转换到“float”，可能丢失数据
c:\users\gangl\desktop\cs247_assignment2\cs247_assignment1\cs247_assignment2.cpp(895): warning C4244: “=”: 从“int”转换到“float”，可能丢失数据
c:\users\gangl\desktop\cs247_assignment2\cs247_assignment1\cs247_assignment2.cpp(898): warning C4244: “=”: 从“int”转换到“float”，可能丢失数据
c:\users\gangl\desktop\cs247_assignment2\cs247_assignment1\cs247_assignment2.cpp(901): warning C4244: “=”: 从“int”转换到“float”，可能丢失数据
c:\users\gangl\desktop\cs247_assignment2\cs247_assignment1\cs247_assignment2.cpp(904): warning C4244: “=”: 从“int”转换到“float”，可能丢失数据
c:\users\gangl\desktop\cs247_assignment2\cs247_assignment1\cs247_assignment2.cpp(921): warning C4018: “<”: 有符号/无符号不匹配
c:\users\gangl\desktop\cs247_assignment2\cs247_assignment1\cs247_assignment2.cpp(946): warning C4305: “参数”: 从“double”到“GLfloat”截断
c:\users\gangl\desktop\cs247_assignment2\cs247_assignment1\cs247_assignment2.cpp(950): warning C4018: “<”: 有符号/无符号不匹配
Link:
  C:\Program Files (x86)\Microsoft Visual Studio 12.0\VC\bin\link.exe /ERRORREPORT:PROMPT /OUT:"C:\Users\gangl\Desktop\CS247_Assignment2\Debug\CS247_Assignment2.exe" /INCREMENTAL /NOLOGO /LIBPATH:./../Libraries/Win32 glew32.lib freeglut.lib kernel32.lib user32.lib gdi32.lib winspool.lib comdlg32.lib advapi32.lib shell32.lib ole32.lib oleaut32.lib uuid.lib odbc32.lib odbccp32.lib /MANIFEST /MANIFESTUAC:"level='asInvoker' uiAccess='false'" /manifest:embed /DEBUG /PDB:"C:\Users\gangl\Desktop\CS247_Assignment2\Debug\CS247_Assignment2.pdb" /SUBSYSTEM:CONSOLE /TLBID:1 /DYNAMICBASE /NXCOMPAT /IMPLIB:"C:\Users\gangl\Desktop\CS247_Assignment2\Debug\CS247_Assignment2.lib" /MACHINE:X86 Debug\CS247_Assignment2.obj
  CS247_Assignment1.vcxproj -> C:\Users\gangl\Desktop\CS247_Assignment2\Debug\CS247_Assignment2.exe
已完成生成项目“C:\Users\gangl\Desktop\CS247_Assignment2\CS247_Assignment1\CS247_Assignment1.vcxproj”(Build 个目标)的操作。

生成成功。

已用时间 00:00:01.84
